# JRE version: OpenJDK Runtime Environment (8.0_152-b01) (build 1.8.0_152-release-1248-b01)
# Java VM: OpenJDK 64-Bit Server VM (25.152-b01 mixed mode windows-amd64 compressed oops)
Heap:
 PSYoungGen      total 456192K, used 333441K [0x00000000e0000000, 0x00000000ffe80000, 0x0000000100000000)
  eden space 423424K, 78% used [0x00000000e0000000,0x00000000f45a0508,0x00000000f9d80000)
  from space 32768K, 0% used [0x00000000fcb80000,0x00000000fcb80000,0x00000000feb80000)
  to   space 47104K, 0% used [0x00000000f9d80000,0x00000000f9d80000,0x00000000fcb80000)
 ParOldGen       total 251392K, used 119939K [0x00000000a0000000, 0x00000000af580000, 0x00000000e0000000)
  object space 251392K, 47% used [0x00000000a0000000,0x00000000a7520d48,0x00000000af580000)
 Metaspace       used 95797K, capacity 99278K, committed 99480K, reserved 1136640K
  class space    used 12172K, capacity 12898K, committed 12952K, reserved 1048576K
GC Heap History (10 events):
Event: 119.072 GC heap before
{Heap before GC invocations=20 (full 3):
 PSYoungGen      total 301056K, used 287147K [0x00000000e0000000, 0x00000000f9a00000, 0x0000000100000000)
  eden space 266752K, 100% used [0x00000000e0000000,0x00000000f0480000,0x00000000f0480000)
  from space 34304K, 59% used [0x00000000f2600000,0x00000000f39eaec8,0x00000000f4780000)
  to   space 34304K, 0% used [0x00000000f0480000,0x00000000f0480000,0x00000000f2600000)
 ParOldGen       total 139776K, used 70028K [0x00000000a0000000, 0x00000000a8880000, 0x00000000e0000000)
  object space 139776K, 50% used [0x00000000a0000000,0x00000000a4463250,0x00000000a8880000)
 Metaspace       used 80055K, capacity 82438K, committed 82584K, reserved 1120256K
  class space    used 10509K, capacity 11102K, committed 11160K, reserved 1048576K
Event: 119.102 GC heap after
Heap after GC invocations=20 (full 3):
 PSYoungGen      total 301056K, used 8519K [0x00000000e0000000, 0x00000000f9800000, 0x0000000100000000)
  eden space 266752K, 0% used [0x00000000e0000000,0x00000000e0000000,0x00000000f0480000)
  from space 34304K, 24% used [0x00000000f0480000,0x00000000f0cd1da8,0x00000000f2600000)
  to   space 33792K, 0% used [0x00000000f7700000,0x00000000f7700000,0x00000000f9800000)
 ParOldGen       total 139776K, used 88906K [0x00000000a0000000, 0x00000000a8880000, 0x00000000e0000000)
  object space 139776K, 63% used [0x00000000a0000000,0x00000000a56d29e0,0x00000000a8880000)
 Metaspace       used 80055K, capacity 82438K, committed 82584K, reserved 1120256K
  class space    used 10509K, capacity 11102K, committed 11160K, reserved 1048576K
}
Event: 131.023 GC heap before
{Heap before GC invocations=21 (full 3):
 PSYoungGen      total 301056K, used 275271K [0x00000000e0000000, 0x00000000f9800000, 0x0000000100000000)
  eden space 266752K, 100% used [0x00000000e0000000,0x00000000f0480000,0x00000000f0480000)
  from space 34304K, 24% used [0x00000000f0480000,0x00000000f0cd1da8,0x00000000f2600000)
  to   space 33792K, 0% used [0x00000000f7700000,0x00000000f7700000,0x00000000f9800000)
 ParOldGen       total 139776K, used 88906K [0x00000000a0000000, 0x00000000a8880000, 0x00000000e0000000)
  object space 139776K, 63% used [0x00000000a0000000,0x00000000a56d29e0,0x00000000a8880000)
 Metaspace       used 88277K, capacity 91294K, committed 91544K, reserved 1128448K
  class space    used 11491K, capacity 12176K, committed 12184K, reserved 1048576K
Event: 131.048 GC heap after
Heap after GC invocations=21 (full 3):
 PSYoungGen      total 370688K, used 17052K [0x00000000e0000000, 0x00000000f9080000, 0x0000000100000000)
  eden space 344576K, 0% used [0x00000000e0000000,0x00000000e0000000,0x00000000f5080000)
  from space 26112K, 65% used [0x00000000f7700000,0x00000000f87a71a0,0x00000000f9080000)
  to   space 32768K, 0% used [0x00000000f5080000,0x00000000f5080000,0x00000000f7080000)
 ParOldGen       total 139776K, used 90278K [0x00000000a0000000, 0x00000000a8880000, 0x00000000e0000000)
  object space 139776K, 64% used [0x00000000a0000000,0x00000000a5829a10,0x00000000a8880000)
 Metaspace       used 88277K, capacity 91294K, committed 91544K, reserved 1128448K
  class space    used 11491K, capacity 12176K, committed 12184K, reserved 1048576K
}
Event: 135.935 GC heap before
{Heap before GC invocations=22 (full 3):
 PSYoungGen      total 370688K, used 361628K [0x00000000e0000000, 0x00000000f9080000, 0x0000000100000000)
  eden space 344576K, 100% used [0x00000000e0000000,0x00000000f5080000,0x00000000f5080000)
  from space 26112K, 65% used [0x00000000f7700000,0x00000000f87a71a0,0x00000000f9080000)
  to   space 32768K, 0% used [0x00000000f5080000,0x00000000f5080000,0x00000000f7080000)
 ParOldGen       total 139776K, used 90278K [0x00000000a0000000, 0x00000000a8880000, 0x00000000e0000000)
  object space 139776K, 64% used [0x00000000a0000000,0x00000000a5829a10,0x00000000a8880000)
 Metaspace       used 90296K, capacity 93646K, committed 93848K, reserved 1130496K
  class space    used 11652K, capacity 12380K, committed 12440K, reserved 1048576K
Event: 135.955 GC heap after
Heap after GC invocations=22 (full 3):
 PSYoungGen      total 377344K, used 4123K [0x00000000e0000000, 0x00000000feb80000, 0x0000000100000000)
  eden space 344576K, 0% used [0x00000000e0000000,0x00000000e0000000,0x00000000f5080000)
  from space 32768K, 12% used [0x00000000f5080000,0x00000000f5486dd0,0x00000000f7080000)
  to   space 32768K, 0% used [0x00000000fcb80000,0x00000000fcb80000,0x00000000feb80000)
 ParOldGen       total 139776K, used 94832K [0x00000000a0000000, 0x00000000a8880000, 0x00000000e0000000)
  object space 139776K, 67% used [0x00000000a0000000,0x00000000a5c9c010,0x00000000a8880000)
 Metaspace       used 90296K, capacity 93646K, committed 93848K, reserved 1130496K
  class space    used 11652K, capacity 12380K, committed 12440K, reserved 1048576K
}
Event: 146.683 GC heap before
{Heap before GC invocations=23 (full 3):
 PSYoungGen      total 377344K, used 341853K [0x00000000e0000000, 0x00000000feb80000, 0x0000000100000000)
  eden space 344576K, 98% used [0x00000000e0000000,0x00000000f49d0920,0x00000000f5080000)
  from space 32768K, 12% used [0x00000000f5080000,0x00000000f5486dd0,0x00000000f7080000)
  to   space 32768K, 0% used [0x00000000fcb80000,0x00000000fcb80000,0x00000000feb80000)
 ParOldGen       total 139776K, used 103024K [0x00000000a0000000, 0x00000000a8880000, 0x00000000e0000000)
  object space 139776K, 73% used [0x00000000a0000000,0x00000000a649c020,0x00000000a8880000)
 Metaspace       used 91782K, capacity 95222K, committed 95384K, reserved 1132544K
  class space    used 11832K, capacity 12586K, committed 12696K, reserved 1048576K
Event: 146.704 GC heap after
Heap after GC invocations=23 (full 3):
 PSYoungGen      total 456192K, used 32751K [0x00000000e0000000, 0x00000000ffe80000, 0x0000000100000000)
  eden space 423424K, 0% used [0x00000000e0000000,0x00000000e0000000,0x00000000f9d80000)
  from space 32768K, 99% used [0x00000000fcb80000,0x00000000feb7bd20,0x00000000feb80000)
  to   space 47104K, 0% used [0x00000000f9d80000,0x00000000f9d80000,0x00000000fcb80000)
 ParOldGen       total 139776K, used 128489K [0x00000000a0000000, 0x00000000a8880000, 0x00000000e0000000)
  object space 139776K, 91% used [0x00000000a0000000,0x00000000a7d7a720,0x00000000a8880000)
 Metaspace       used 91782K, capacity 95222K, committed 95384K, reserved 1132544K
  class space    used 11832K, capacity 12586K, committed 12696K, reserved 1048576K
}
Event: 146.704 GC heap before
{Heap before GC invocations=24 (full 4):
 PSYoungGen      total 456192K, used 32751K [0x00000000e0000000, 0x00000000ffe80000, 0x0000000100000000)
  eden space 423424K, 0% used [0x00000000e0000000,0x00000000e0000000,0x00000000f9d80000)
  from space 32768K, 99% used [0x00000000fcb80000,0x00000000feb7bd20,0x00000000feb80000)
  to   space 47104K, 0% used [0x00000000f9d80000,0x00000000f9d80000,0x00000000fcb80000)
 ParOldGen       total 139776K, used 128489K [0x00000000a0000000, 0x00000000a8880000, 0x00000000e0000000)
  object space 139776K, 91% used [0x00000000a0000000,0x00000000a7d7a720,0x00000000a8880000)
 Metaspace       used 91782K, capacity 95222K, committed 95384K, reserved 1132544K
  class space    used 11832K, capacity 12586K, committed 12696K, reserved 1048576K
Event: 146.960 GC heap after
Heap after GC invocations=24 (full 4):
 PSYoungGen      total 456192K, used 0K [0x00000000e0000000, 0x00000000ffe80000, 0x0000000100000000)
  eden space 423424K, 0% used [0x00000000e0000000,0x00000000e0000000,0x00000000f9d80000)
  from space 32768K, 0% used [0x00000000fcb80000,0x00000000fcb80000,0x00000000feb80000)
  to   space 47104K, 0% used [0x00000000f9d80000,0x00000000f9d80000,0x00000000fcb80000)
 ParOldGen       total 251392K, used 119939K [0x00000000a0000000, 0x00000000af580000, 0x00000000e0000000)
  object space 251392K, 47% used [0x00000000a0000000,0x00000000a7520d48,0x00000000af580000)
 Metaspace       used 91437K, capacity 94592K, committed 95384K, reserved 1132544K
  class space    used 11762K, capacity 12457K, committed 12696K, reserved 1048576K
}

