# JRE version: OpenJDK Runtime Environment (8.0_152-b01) (build 1.8.0_152-release-1248-b01)
# Java VM: OpenJDK 64-Bit Server VM (25.152-b01 mixed mode windows-amd64 compressed oops)
Heap:
 PSYoungGen      total 403968K, used 1072K [0x00000000e0000000, 0x00000000ffe80000, 0x0000000100000000)
  eden space 288256K, 0% used [0x00000000e0000000,0x00000000e0000000,0x00000000f1980000)
  from space 115712K, 0% used [0x00000000f1980000,0x00000000f1a8c1a0,0x00000000f8a80000)
  to   space 117248K, 0% used [0x00000000f8c00000,0x00000000f8c00000,0x00000000ffe80000)
 ParOldGen       total 338432K, used 175734K [0x00000000a0000000, 0x00000000b4a80000, 0x00000000e0000000)
  object space 338432K, 51% used [0x00000000a0000000,0x00000000aab9dbf0,0x00000000b4a80000)
 Metaspace       used 89874K, capacity 92318K, committed 96768K, reserved 1134592K
  class space    used 10043K, capacity 10688K, committed 11264K, reserved 1048576K
GC Heap History (10 events):
Event: 1369.206 GC heap after
Heap after GC invocations=31 (full 6):
 PSYoungGen      total 391168K, used 0K [0x00000000e0000000, 0x0000000100000000, 0x0000000100000000)
  eden space 258048K, 0% used [0x00000000e0000000,0x00000000e0000000,0x00000000efc00000)
  from space 133120K, 0% used [0x00000000efc00000,0x00000000efc00000,0x00000000f7e00000)
  to   space 125440K, 0% used [0x00000000f8580000,0x00000000f8580000,0x0000000100000000)
 ParOldGen       total 338432K, used 69716K [0x00000000a0000000, 0x00000000b4a80000, 0x00000000e0000000)
  object space 338432K, 20% used [0x00000000a0000000,0x00000000a44150b0,0x00000000b4a80000)
 Metaspace       used 88810K, capacity 91166K, committed 96768K, reserved 1134592K
  class space    used 9981K, capacity 10584K, committed 11264K, reserved 1048576K
}
Event: 1371.161 GC heap before
{Heap before GC invocations=32 (full 6):
 PSYoungGen      total 391168K, used 258048K [0x00000000e0000000, 0x0000000100000000, 0x0000000100000000)
  eden space 258048K, 100% used [0x00000000e0000000,0x00000000efc00000,0x00000000efc00000)
  from space 133120K, 0% used [0x00000000efc00000,0x00000000efc00000,0x00000000f7e00000)
  to   space 125440K, 0% used [0x00000000f8580000,0x00000000f8580000,0x0000000100000000)
 ParOldGen       total 338432K, used 69716K [0x00000000a0000000, 0x00000000b4a80000, 0x00000000e0000000)
  object space 338432K, 20% used [0x00000000a0000000,0x00000000a44150b0,0x00000000b4a80000)
 Metaspace       used 88921K, capacity 91294K, committed 96768K, reserved 1134592K
  class space    used 9981K, capacity 10584K, committed 11264K, reserved 1048576K
Event: 1371.218 GC heap after
Heap after GC invocations=32 (full 6):
 PSYoungGen      total 373248K, used 57656K [0x00000000e0000000, 0x00000000fee80000, 0x0000000100000000)
  eden space 265728K, 0% used [0x00000000e0000000,0x00000000e0000000,0x00000000f0380000)
  from space 107520K, 53% used [0x00000000f8580000,0x00000000fbdce028,0x00000000fee80000)
  to   space 120320K, 0% used [0x00000000f0380000,0x00000000f0380000,0x00000000f7900000)
 ParOldGen       total 338432K, used 69724K [0x00000000a0000000, 0x00000000b4a80000, 0x00000000e0000000)
  object space 338432K, 20% used [0x00000000a0000000,0x00000000a44170b0,0x00000000b4a80000)
 Metaspace       used 88921K, capacity 91294K, committed 96768K, reserved 1134592K
  class space    used 9981K, capacity 10584K, committed 11264K, reserved 1048576K
}
Event: 1373.374 GC heap before
{Heap before GC invocations=33 (full 6):
 PSYoungGen      total 373248K, used 323384K [0x00000000e0000000, 0x00000000fee80000, 0x0000000100000000)
  eden space 265728K, 100% used [0x00000000e0000000,0x00000000f0380000,0x00000000f0380000)
  from space 107520K, 53% used [0x00000000f8580000,0x00000000fbdce028,0x00000000fee80000)
  to   space 120320K, 0% used [0x00000000f0380000,0x00000000f0380000,0x00000000f7900000)
 ParOldGen       total 338432K, used 69724K [0x00000000a0000000, 0x00000000b4a80000, 0x00000000e0000000)
  object space 338432K, 20% used [0x00000000a0000000,0x00000000a44170b0,0x00000000b4a80000)
 Metaspace       used 89378K, capacity 91802K, committed 96768K, reserved 1134592K
  class space    used 10029K, capacity 10688K, committed 11264K, reserved 1048576K
Event: 1373.473 GC heap after
Heap after GC invocations=33 (full 6):
 PSYoungGen      total 386048K, used 41017K [0x00000000e0000000, 0x0000000100000000, 0x0000000100000000)
  eden space 265728K, 0% used [0x00000000e0000000,0x00000000e0000000,0x00000000f0380000)
  from space 120320K, 34% used [0x00000000f0380000,0x00000000f2b8e4e8,0x00000000f7900000)
  to   space 115712K, 0% used [0x00000000f8f00000,0x00000000f8f00000,0x0000000100000000)
 ParOldGen       total 338432K, used 127272K [0x00000000a0000000, 0x00000000b4a80000, 0x00000000e0000000)
  object space 338432K, 37% used [0x00000000a0000000,0x00000000a7c4a3e0,0x00000000b4a80000)
 Metaspace       used 89378K, capacity 91802K, committed 96768K, reserved 1134592K
  class space    used 10029K, capacity 10688K, committed 11264K, reserved 1048576K
}
Event: 1378.065 GC heap before
{Heap before GC invocations=34 (full 6):
 PSYoungGen      total 386048K, used 306745K [0x00000000e0000000, 0x0000000100000000, 0x0000000100000000)
  eden space 265728K, 100% used [0x00000000e0000000,0x00000000f0380000,0x00000000f0380000)
  from space 120320K, 34% used [0x00000000f0380000,0x00000000f2b8e4e8,0x00000000f7900000)
  to   space 115712K, 0% used [0x00000000f8f00000,0x00000000f8f00000,0x0000000100000000)
 ParOldGen       total 338432K, used 127272K [0x00000000a0000000, 0x00000000b4a80000, 0x00000000e0000000)
  object space 338432K, 37% used [0x00000000a0000000,0x00000000a7c4a3e0,0x00000000b4a80000)
 Metaspace       used 89803K, capacity 92190K, committed 96768K, reserved 1134592K
  class space    used 10043K, capacity 10688K, committed 11264K, reserved 1048576K
Event: 1378.115 GC heap after
Heap after GC invocations=34 (full 6):
 PSYoungGen      total 399360K, used 14944K [0x00000000e0000000, 0x00000000ffb80000, 0x0000000100000000)
  eden space 288256K, 0% used [0x00000000e0000000,0x00000000e0000000,0x00000000f1980000)
  from space 111104K, 13% used [0x00000000f8f00000,0x00000000f9d98148,0x00000000ffb80000)
  to   space 115712K, 0% used [0x00000000f1980000,0x00000000f1980000,0x00000000f8a80000)
 ParOldGen       total 338432K, used 163651K [0x00000000a0000000, 0x00000000b4a80000, 0x00000000e0000000)
  object space 338432K, 48% used [0x00000000a0000000,0x00000000a9fd0e78,0x00000000b4a80000)
 Metaspace       used 89803K, capacity 92190K, committed 96768K, reserved 1134592K
  class space    used 10043K, capacity 10688K, committed 11264K, reserved 1048576K
}
Event: 4969.206 GC heap before
{Heap before GC invocations=35 (full 6):
 PSYoungGen      total 399360K, used 142975K [0x00000000e0000000, 0x00000000ffb80000, 0x0000000100000000)
  eden space 288256K, 44% used [0x00000000e0000000,0x00000000e7d07d90,0x00000000f1980000)
  from space 111104K, 13% used [0x00000000f8f00000,0x00000000f9d98148,0x00000000ffb80000)
  to   space 115712K, 0% used [0x00000000f1980000,0x00000000f1980000,0x00000000f8a80000)
 ParOldGen       total 338432K, used 163651K [0x00000000a0000000, 0x00000000b4a80000, 0x00000000e0000000)
  object space 338432K, 48% used [0x00000000a0000000,0x00000000a9fd0e78,0x00000000b4a80000)
 Metaspace       used 89874K, capacity 92318K, committed 96768K, reserved 1134592K
  class space    used 10043K, capacity 10688K, committed 11264K, reserved 1048576K
Event: 4969.369 GC heap after
Heap after GC invocations=35 (full 6):
 PSYoungGen      total 403968K, used 1072K [0x00000000e0000000, 0x00000000ffe80000, 0x0000000100000000)
  eden space 288256K, 0% used [0x00000000e0000000,0x00000000e0000000,0x00000000f1980000)
  from space 115712K, 0% used [0x00000000f1980000,0x00000000f1a8c1a0,0x00000000f8a80000)
  to   space 117248K, 0% used [0x00000000f8c00000,0x00000000f8c00000,0x00000000ffe80000)
 ParOldGen       total 338432K, used 175734K [0x00000000a0000000, 0x00000000b4a80000, 0x00000000e0000000)
  object space 338432K, 51% used [0x00000000a0000000,0x00000000aab9dbf0,0x00000000b4a80000)
 Metaspace       used 89874K, capacity 92318K, committed 96768K, reserved 1134592K
  class space    used 10043K, capacity 10688K, committed 11264K, reserved 1048576K
}
Event: 4969.370 GC heap before
{Heap before GC invocations=36 (full 7):
 PSYoungGen      total 403968K, used 1072K [0x00000000e0000000, 0x00000000ffe80000, 0x0000000100000000)
  eden space 288256K, 0% used [0x00000000e0000000,0x00000000e0000000,0x00000000f1980000)
  from space 115712K, 0% used [0x00000000f1980000,0x00000000f1a8c1a0,0x00000000f8a80000)
  to   space 117248K, 0% used [0x00000000f8c00000,0x00000000f8c00000,0x00000000ffe80000)
 ParOldGen       total 338432K, used 175734K [0x00000000a0000000, 0x00000000b4a80000, 0x00000000e0000000)
  object space 338432K, 51% used [0x00000000a0000000,0x00000000aab9dbf0,0x00000000b4a80000)
 Metaspace       used 89874K, capacity 92318K, committed 96768K, reserved 1134592K
  class space    used 10043K, capacity 10688K, committed 11264K, reserved 1048576K

